<?xml version="1.0" encoding="UTF-8"?>
<!-- Generated by org.testng.reporters.JUnitXMLReporter -->
<testsuite ignored="5" hostname="EC2AMAZ-IB3I7DE" failures="1" tests="1" name="Default test(failed)" time="54.816" errors="0" timestamp="01 Aug 2023 09:24:39 GMT">
  <testcase classname="agentLogin.Dart" name="tc02_leaderboardLandingPage" time="44.152">
    <failure type="org.openqa.selenium.NoSuchElementException" message="Unable to locate element: #Leaderboard_nav_label
For documentation on this error, please visit: https://selenium.dev/exceptions/#no_such_element
Build info: version: &amp;apos;4.9.1&amp;apos;, revision: &amp;apos;eb2032df7f&amp;apos;
System info: os.name: &amp;apos;Windows Server 2022&amp;apos;, os.arch: &amp;apos;amd64&amp;apos;, os.version: &amp;apos;10.0&amp;apos;, java.version: &amp;apos;17.0.5&amp;apos;
Driver info: org.openqa.selenium.firefox.FirefoxDriver
Command: [3ab46f91-0e0d-44cf-95ef-f3d7d270bae9, findElement {using=id, value=Leaderboard_nav_label}]
Capabilities {acceptInsecureCerts: true, browserName: firefox, browserVersion: 115.0.2, moz:accessibilityChecks: false, moz:buildID: 20230710165010, moz:debuggerAddress: 127.0.0.1:19807, moz:geckodriverVersion: 0.33.0, moz:headless: false, moz:platformVersion: 10.0, moz:processID: 42500, moz:profile: C:\Users\testqa\AppData\Loc..., moz:shutdownTimeout: 60000, moz:useNonSpecCompliantPointerOrigin: false, moz:webdriverClick: true, moz:windowless: false, pageLoadStrategy: normal, platformName: windows, proxy: Proxy(), se:cdp: ws://127.0.0.1:19807/devtoo..., se:cdpVersion: 85.0, setWindowRect: true, strictFileInteractability: false, timeouts: {implicit: 0, pageLoad: 300000, script: 30000}, unhandledPromptBehavior: dismiss and notify}
Session ID: 3ab46f91-0e0d-44cf-95ef-f3d7d270bae9">
      <![CDATA[org.openqa.selenium.NoSuchElementException: Unable to locate element: #Leaderboard_nav_label
For documentation on this error, please visit: https://selenium.dev/exceptions/#no_such_element
Build info: version: '4.9.1', revision: 'eb2032df7f'
System info: os.name: 'Windows Server 2022', os.arch: 'amd64', os.version: '10.0', java.version: '17.0.5'
Driver info: org.openqa.selenium.firefox.FirefoxDriver
Command: [3ab46f91-0e0d-44cf-95ef-f3d7d270bae9, findElement {using=id, value=Leaderboard_nav_label}]
Capabilities {acceptInsecureCerts: true, browserName: firefox, browserVersion: 115.0.2, moz:accessibilityChecks: false, moz:buildID: 20230710165010, moz:debuggerAddress: 127.0.0.1:19807, moz:geckodriverVersion: 0.33.0, moz:headless: false, moz:platformVersion: 10.0, moz:processID: 42500, moz:profile: C:\Users\testqa\AppData\Loc..., moz:shutdownTimeout: 60000, moz:useNonSpecCompliantPointerOrigin: false, moz:webdriverClick: true, moz:windowless: false, pageLoadStrategy: normal, platformName: windows, proxy: Proxy(), se:cdp: ws://127.0.0.1:19807/devtoo..., se:cdpVersion: 85.0, setWindowRect: true, strictFileInteractability: false, timeouts: {implicit: 0, pageLoad: 300000, script: 30000}, unhandledPromptBehavior: dismiss and notify}
Session ID: 3ab46f91-0e0d-44cf-95ef-f3d7d270bae9
at org.openqa.selenium.remote.codec.w3c.W3CHttpResponseCodec.createException(W3CHttpResponseCodec.java:200)
at org.openqa.selenium.remote.codec.w3c.W3CHttpResponseCodec.decode(W3CHttpResponseCodec.java:133)
at org.openqa.selenium.remote.codec.w3c.W3CHttpResponseCodec.decode(W3CHttpResponseCodec.java:53)
at org.openqa.selenium.remote.HttpCommandExecutor.execute(HttpCommandExecutor.java:193)
at org.openqa.selenium.remote.service.DriverCommandExecutor.invokeExecute(DriverCommandExecutor.java:183)
at org.openqa.selenium.remote.service.DriverCommandExecutor.execute(DriverCommandExecutor.java:158)
at org.openqa.selenium.remote.RemoteWebDriver.execute(RemoteWebDriver.java:543)
at org.openqa.selenium.remote.ElementLocation$ElementFinder$2.findElement(ElementLocation.java:162)
at org.openqa.selenium.remote.ElementLocation.findElement(ElementLocation.java:60)
at org.openqa.selenium.remote.RemoteWebDriver.findElement(RemoteWebDriver.java:352)
at org.openqa.selenium.remote.RemoteWebDriver.findElement(RemoteWebDriver.java:344)
at agentLogin.Dart.tc02_leaderboardLandingPage(Dart.java:73)
... Removed 30 stack frames]]>
    </failure>
  </testcase> <!-- tc02_leaderboardLandingPage -->
  <testcase classname="agentLogin.Dart" name="tc01_DashboardLandingPage" time="0.0">
    <ignored/>
  </testcase> <!-- tc01_DashboardLandingPage -->
  <testcase classname="agentLogin.Dart" name="tc06_verifyAgentPageFooter" time="0.0">
    <ignored/>
  </testcase> <!-- tc06_verifyAgentPageFooter -->
  <testcase classname="agentLogin.Dart" name="tc03_verifyProfilePageShareSocialSites" time="0.0">
    <ignored/>
  </testcase> <!-- tc03_verifyProfilePageShareSocialSites -->
  <testcase classname="agentLogin.Dart" name="tc04_verifyProfilePageReviewsShareSocialSites" time="0.0">
    <ignored/>
  </testcase> <!-- tc04_verifyProfilePageReviewsShareSocialSites -->
  <testcase classname="agentLogin.Dart" name="tc05_reportsLandingPage" time="0.0">
    <ignored/>
  </testcase> <!-- tc05_reportsLandingPage -->
</testsuite> <!-- Default test(failed) -->
