<?xml version="1.0" encoding="UTF-8"?>
<!-- Generated by org.testng.reporters.JUnitXMLReporter -->
<testsuite ignored="0" hostname="EC2AMAZ-IB3I7DE" failures="5" tests="135" name="Test" time="2283.365" errors="0" timestamp="27 Sep 2023 08:52:31 GMT">
  <testcase classname="accountManager.UserProfilePage" name="tc01_verifyUserProfileLandingPage" time="22.692"/>
  <testcase classname="accountManager.UserProfilePage" name="tc02_verifyReviewsTab" time="1.756"/>
  <testcase classname="accountManager.UserProfilePage" name="tc03_verifyProfessionalSidePage" time="35.534"/>
  <testcase classname="accountManager.UserProfilePage" name="tc04_clickShareProfileIcon" time="0.847"/>
  <testcase classname="accountManager.UserProfilePage" name="tc05_clickEditProfileIcon" time="4.351"/>
  <testcase classname="accountManager.UserProfilePage" name="tc06_verifyFlagReview" time="1.241"/>
  <testcase classname="accountManager.UserProfilePage" name="tc07_verifyShareReview" time="1.077"/>
  <testcase classname="accountManager.UserProfilePage" name="tc08_verifyRatingTab" time="0.632"/>
  <testcase classname="accountManager.UserProfilePage" name="tc09_verifyAboutSection" time="1.431"/>
  <testcase classname="accountManager.UserProfilePage" name="tc10_verifyContactSection" time="9.055"/>
  <testcase classname="accountManager.AccountDashBoard" name="tc001_accountDashboardLandingPage" time="6.928"/>
  <testcase classname="accountManager.AccountDashBoard" name="tc002_leaderboardLandingPage" time="4.891"/>
  <testcase classname="accountManager.AccountDashBoard" name="tc003_reportsLandingPage" time="24.79"/>
  <testcase classname="accountManager.AccountHomePage" name="tc01_navigateToAccountsPage" time="0.853"/>
  <testcase classname="accountManager.AccountHomePage" name="tc02_reportsLandingPage" time="20.911"/>
  <testcase classname="accountManager.AccountHomePage" name="tc03_reportsActivityFeedLandingPage" time="3.812"/>
  <testcase classname="accountManager.AccountHomePage" name="tc04_navigateToDashboardFromHomePage" time="3.123"/>
  <testcase classname="accountManager.AdvancedAnalytics" name="tc001_advancedAnalyticsLandingPage" time="8.752"/>
  <testcase classname="accountManager.AdvancedAnalytics" name="tc002_advancedAnalyticsAccountStatisticsLandingPage" time="14.954"/>
  <testcase classname="accountManager.AdvancedAnalytics" name="tc003_advancedAnalyticsTierStatisticsLandingPage" time="11.491"/>
  <testcase classname="accountManager.AdvancedAnalytics" name="tc004_advancedAnalyticsTierStatisticsLandingPage" time="11.636"/>
  <testcase classname="accountManager.Hierarchy" name="tc01_hierarchyLandingPage" time="12.873"/>
  <testcase classname="accountManager.Hierarchy" name="tc02_hierarchyUserLandingPage" time="10.167"/>
  <testcase classname="accountManager.Hierarchy" name="tc03_hierarchyUserDrawerLandingPage" time="85.542"/>
  <testcase classname="accountManager.Hierarchy" name="tc04_hierarchyTierLandingPage" time="11.444"/>
  <testcase classname="accountManager.Hierarchy" name="tc05_hierarchyTierDrawerLandingPage" time="29.39"/>
  <testcase classname="accountManager.Hierarchy" name="tc06_hierarchyTierBulkOptionsLandingPage" time="26.307"/>
  <testcase classname="accountManager.Campaign" name="tc01_verifyAccountManagerLandingPage" time="2.472"/>
  <testcase classname="accountManager.Campaign" name="tc02_verifyActivityFeedDrawer" time="2.809"/>
  <testcase classname="accountManager.Campaign" name="tc03_verifyManualSurveyFields" time="44.612">
    <skipped/>
  </testcase> <!-- tc03_verifyManualSurveyFields -->
  <testcase classname="accountManager.Campaign" name="tc03_verifyManualSurveyFields" time="43.726">
    <failure type="org.openqa.selenium.NoSuchElementException" message="no such element: Unable to locate element: {&amp;quot;method&amp;quot;:&amp;quot;css selector&amp;quot;,&amp;quot;selector&amp;quot;:&amp;quot;#undefined_closeButton&amp;quot;}
  (Session info: MicrosoftEdge=117.0.2045.31)
For documentation on this error, please visit: https://www.selenium.dev/documentation/webdriver/troubleshooting/errors#no-such-element-exception
Build info: version: &amp;apos;4.11.0&amp;apos;, revision: &amp;apos;040bc5406b&amp;apos;
System info: os.name: &amp;apos;Windows Server 2022&amp;apos;, os.arch: &amp;apos;amd64&amp;apos;, os.version: &amp;apos;10.0&amp;apos;, java.version: &amp;apos;17.0.6&amp;apos;
Driver info: org.openqa.selenium.edge.EdgeDriver
Command: [af48abf135cc4ffc98d28387877e26eb, findElement {using=id, value=undefined_closeButton}]
Capabilities {acceptInsecureCerts: true, browserName: msedge, browserVersion: 117.0.2045.31, fedcm:accounts: true, ms:edgeOptions: {debuggerAddress: localhost:61095}, msedge: {msedgedriverVersion: 117.0.2045.43 (fe8879882c1b..., userDataDir: C:\Users\V2-PER~1\AppData\L...}, networkConnectionEnabled: false, pageLoadStrategy: normal, platformName: windows, proxy: Proxy(), se:cdp: ws://localhost:61095/devtoo..., se:cdpVersion: 117.0.2045.31, setWindowRect: true, strictFileInteractability: false, timeouts: {implicit: 0, pageLoad: 300000, script: 30000}, unhandledPromptBehavior: dismiss and notify, webauthn:extension:credBlob: true, webauthn:extension:largeBlob: true, webauthn:extension:minPinLength: true, webauthn:extension:prf: true, webauthn:virtualAuthenticators: true}
Session ID: af48abf135cc4ffc98d28387877e26eb">
      <![CDATA[org.openqa.selenium.NoSuchElementException: no such element: Unable to locate element: {"method":"css selector","selector":"#undefined_closeButton"}
  (Session info: MicrosoftEdge=117.0.2045.31)
For documentation on this error, please visit: https://www.selenium.dev/documentation/webdriver/troubleshooting/errors#no-such-element-exception
Build info: version: '4.11.0', revision: '040bc5406b'
System info: os.name: 'Windows Server 2022', os.arch: 'amd64', os.version: '10.0', java.version: '17.0.6'
Driver info: org.openqa.selenium.edge.EdgeDriver
Command: [af48abf135cc4ffc98d28387877e26eb, findElement {using=id, value=undefined_closeButton}]
Capabilities {acceptInsecureCerts: true, browserName: msedge, browserVersion: 117.0.2045.31, fedcm:accounts: true, ms:edgeOptions: {debuggerAddress: localhost:61095}, msedge: {msedgedriverVersion: 117.0.2045.43 (fe8879882c1b..., userDataDir: C:\Users\V2-PER~1\AppData\L...}, networkConnectionEnabled: false, pageLoadStrategy: normal, platformName: windows, proxy: Proxy(), se:cdp: ws://localhost:61095/devtoo..., se:cdpVersion: 117.0.2045.31, setWindowRect: true, strictFileInteractability: false, timeouts: {implicit: 0, pageLoad: 300000, script: 30000}, unhandledPromptBehavior: dismiss and notify, webauthn:extension:credBlob: true, webauthn:extension:largeBlob: true, webauthn:extension:minPinLength: true, webauthn:extension:prf: true, webauthn:virtualAuthenticators: true}
Session ID: af48abf135cc4ffc98d28387877e26eb
at org.openqa.selenium.remote.codec.w3c.W3CHttpResponseCodec.createException(W3CHttpResponseCodec.java:200)
at org.openqa.selenium.remote.codec.w3c.W3CHttpResponseCodec.decode(W3CHttpResponseCodec.java:133)
at org.openqa.selenium.remote.codec.w3c.W3CHttpResponseCodec.decode(W3CHttpResponseCodec.java:52)
at org.openqa.selenium.remote.HttpCommandExecutor.execute(HttpCommandExecutor.java:191)
at org.openqa.selenium.remote.service.DriverCommandExecutor.invokeExecute(DriverCommandExecutor.java:196)
at org.openqa.selenium.remote.service.DriverCommandExecutor.execute(DriverCommandExecutor.java:171)
at org.openqa.selenium.remote.RemoteWebDriver.execute(RemoteWebDriver.java:518)
at org.openqa.selenium.remote.ElementLocation$ElementFinder$2.findElement(ElementLocation.java:165)
at org.openqa.selenium.remote.ElementLocation.findElement(ElementLocation.java:59)
at org.openqa.selenium.remote.RemoteWebDriver.findElement(RemoteWebDriver.java:355)
at org.openqa.selenium.remote.RemoteWebDriver.findElement(RemoteWebDriver.java:349)
at accountManager.Campaign.tc03_verifyManualSurveyFields(Campaign.java:105)
... Removed 30 stack frames]]>
    </failure>
  </testcase> <!-- tc03_verifyManualSurveyFields -->
  <testcase classname="accountManager.Campaign" name="tc04_verifyViewAnalytics" time="6.116"/>
  <testcase classname="accountManager.Campaign" name="tc05_verifyOverview" time="4.242"/>
  <testcase classname="accountManager.Campaign" name="tc06_verifyQuestionSummary" time="8.394"/>
  <testcase classname="accountManager.Campaign" name="tc07_verifyReviews" time="6.988"/>
  <testcase classname="accountManager.Campaign" name="tc08_verifyLeaderboard" time="8.588"/>
  <testcase classname="accountManager.Campaign" name="tc09_verifyIncompleteSurveys" time="7.619"/>
  <testcase classname="accountManager.Campaign" name="tc10_verifyVersionHistory" time="8.717"/>
  <testcase classname="accountManager.Campaign" name="tc11_verifyIncompleteSurveyInSideTab" time="8.213">
    <skipped/>
  </testcase> <!-- tc11_verifyIncompleteSurveyInSideTab -->
  <testcase classname="accountManager.Campaign" name="tc11_verifyIncompleteSurveyInSideTab" time="15.13"/>
  <testcase classname="accountManager.IngestionSetup" name="tc001_verifyingSettingsLandingPage" time="6.224"/>
  <testcase classname="accountManager.IngestionSetup" name="tc002_verifyingIngestionSettingLandingPage" time="4.544"/>
  <testcase classname="accountManager.IngestionSetup" name="tc003_verifyingAllIngestionSource" time="483.423"/>
  <testcase classname="accountManager.IngestionSetup" name="tc004_VerifyingActivityFeed" time="7.967"/>
  <testcase classname="accountManager.Listings" name="tc01_listingsLandingPage" time="8.904"/>
  <testcase classname="accountManager.Listings" name="tc02_reportsActivityFeedLandingPage" time="6.399"/>
  <testcase classname="accountManager.Listings" name="tc03_listingsLocationDataIssue" time="6.875"/>
  <testcase classname="accountManager.Listings" name="tc04_listingsUserDataIssue" time="6.794"/>
  <testcase classname="accountManager.Listings" name="tc05_verifyListingsLocationsLandingPage" time="29.195"/>
  <testcase classname="accountManager.Listings" name="tc06_verifyListingsUserLandingPage" time="28.831"/>
  <testcase classname="accountManager.Listings" name="tc07_listingsPublishStatus" time="17.053"/>
  <testcase classname="accountManager.ReviewsManagement" name="tc001_reviewsManagementLandingPage" time="23.18"/>
  <testcase classname="accountManager.ReviewsManagement" name="tc002_dataAndAnalysisLandingPage" time="13.0"/>
  <testcase classname="accountManager.ReviewsManagement" name="tc003_verifyReviewsManagementShareSocialSites" time="24.996"/>
  <testcase classname="accountManager.Settings" name="tc01_settingsLandingPage" time="19.331"/>
  <testcase classname="accountManager.SocialMonitor" name="tc_01verifyingSocialMonitorLandingPage" time="5.657"/>
  <testcase classname="accountManager.SocialMonitor" name="tc_02verifyingMacrosReportsEditMonitors" time="15.048"/>
  <testcase classname="accountManager.SocialMonitor" name="tc_03verifyingFilter" time="12.076"/>
  <testcase classname="accountManager.SocialMonitor" name="tc_04verifyingStreams" time="18.746"/>
  <testcase classname="accountManager.SocialMonitor" name="tc_05verifyingAlerts" time="21.465"/>
  <testcase classname="accountManager.SocialMonitor" name="tc_06verifyingEscalation" time="7.193"/>
  <testcase classname="accountManager.SocialMonitor" name="tc_07verifyingResolution" time="2.633"/>
  <testcase classname="accountManager.SocialMonitor" name="tc_08verifyingTrustedSource" time="0.459"/>
  <testcase classname="accountManager.SocialMonitor" name="tc_09verifyingReports" time="0.649"/>
  <testcase classname="accountManager.Swiss" name="tc01_swissLandingPageLinks" time="1.726"/>
  <testcase classname="accountManager.Swiss" name="tc02_verifyLandingPage" time="0.625"/>
  <testcase classname="accountManager.Swiss" name="tc03_verifySwissPageFooterIndustries" time="0.482"/>
  <testcase classname="accountManager.Swiss" name="tc04_verifySearchResultsPage" time="12.456"/>
  <testcase classname="accountManager.TierprofilePage" name="tc01_verifyTierProfileLandingPage" time="22.082"/>
  <testcase classname="accountManager.TierprofilePage" name="tc02_verifyReviewsTab" time="1.798"/>
  <testcase classname="accountManager.TierprofilePage" name="tc03_verifyProfessionalSidePage" time="36.317"/>
  <testcase classname="accountManager.TierprofilePage" name="tc04_clickShareProfileIcon" time="0.968"/>
  <testcase classname="accountManager.TierprofilePage" name="tc05_clickEditProfileIcon" time="4.275"/>
  <testcase classname="accountManager.TierprofilePage" name="tc06_verifyFlagReview" time="1.079"/>
  <testcase classname="accountManager.TierprofilePage" name="tc07_verifyShareReview" time="0.861"/>
  <testcase classname="accountManager.TierprofilePage" name="tc08_verifyRatingTab" time="0.704"/>
  <testcase classname="accountManager.TierprofilePage" name="tc09_verifyAboutSection" time="1.805"/>
  <testcase classname="accountManager.TierprofilePage" name="tc10_verifyContactSection" time="8.416"/>
  <testcase classname="accountManager.TierprofilePage" name="tc11_verifyUsersSection" time="15.43"/>
  <testcase classname="accountManager.TransactionMonitor" name="verifyLandingPage" time="5.615"/>
  <testcase classname="accountManager.Transactions" name="transactionsLandingPage" time="9.921"/>
  <testcase classname="accountManager.Widgets" name="tc01_widgets" time="86.782"/>
  <testcase classname="agentLogin.ReviewsManagement" name="tc01_verifyReviewsLandingPage" time="0.122">
    <skipped/>
  </testcase> <!-- tc01_verifyReviewsLandingPage -->
  <testcase classname="agentLogin.ReviewsManagement" name="tc01_verifyReviewsLandingPage" time="0.503">
    <failure type="java.lang.AssertionError" message="expected [true] but found [false]">
      <![CDATA[java.lang.AssertionError: expected [true] but found [false]
at agentLogin.ReviewsManagement.tc01_verifyReviewsLandingPage(ReviewsManagement.java:43)
... Removed 29 stack frames]]>
    </failure>
  </testcase> <!-- tc01_verifyReviewsLandingPage -->
  <testcase classname="agentLogin.ReviewsManagement" name="tc02_verifyFilterCards" time="1.115"/>
  <testcase classname="agentLogin.ReviewsManagement" name="tc03_verifyFlagReview" time="0.893"/>
  <testcase classname="agentLogin.ReviewsManagement" name="tc04_verifyShareReview" time="0.53"/>
  <testcase classname="agentLogin.ReviewsManagement" name="tc05_activityFeedPage" time="8.701"/>
  <testcase classname="agentLogin.Settings" name="tc01_verifySettings" time="15.661"/>
  <testcase classname="agentLogin.Dart" name="tc01_DashboardLandingPage" time="21.869"/>
  <testcase classname="agentLogin.Dart" name="tc02_leaderboardLandingPage" time="5.414"/>
  <testcase classname="agentLogin.Dart" name="tc03_verifyProfilePageShareSocialSites" time="31.53"/>
  <testcase classname="agentLogin.Dart" name="tc04_verifyProfilePageReviewsShareSocialSites" time="34.072"/>
  <testcase classname="agentLogin.Dart" name="tc05_reportsLandingPage" time="30.445"/>
  <testcase classname="agentLogin.Dart" name="tc06_verifyAgentPageFooter" time="12.699"/>
  <testcase classname="agentLogin.Widgets" name="tc01_widgets" time="8.987"/>
  <testcase classname="agentLogin.Widgets" name="tc02_basicReviews" time="9.164"/>
  <testcase classname="agentLogin.Widgets" name="tc03_customizeReviews" time="6.215"/>
  <testcase classname="agentLogin.Widgets" name="tc04_contactUs" time="9.641"/>
  <testcase classname="agentLogin.Campaign" name="tc01_verifyAgentLandingPage" time="8.159"/>
  <testcase classname="agentLogin.Campaign" name="tc02_verifyActivityFeedDrawer" time="2.841"/>
  <testcase classname="agentLogin.Campaign" name="tc03_verifyManualSurveyFields" time="10.881"/>
  <testcase classname="agentLogin.Campaign" name="tc04_verifyViewAnalytics" time="3.16"/>
  <testcase classname="agentLogin.Campaign" name="tc05_verifyOverview" time="3.659"/>
  <testcase classname="agentLogin.Campaign" name="tc06_verifyQuestionSummary" time="7.8"/>
  <testcase classname="agentLogin.Campaign" name="tc07_verifyReviews" time="5.506"/>
  <testcase classname="agentLogin.Campaign" name="tc08_verifyLeaderboard" time="22.775">
    <skipped/>
  </testcase> <!-- tc08_verifyLeaderboard -->
  <testcase classname="agentLogin.Campaign" name="tc08_verifyLeaderboard" time="7.882"/>
  <testcase classname="agentLogin.Campaign" name="tc09_verifyIncompleteSurveys" time="7.113"/>
  <testcase classname="agentLogin.Campaign" name="tc10_verifyVersionHistory" time="8.705"/>
  <testcase classname="agentLogin.Campaign" name="tc11_verifyIncompleteSurveyInSideTab" time="11.825"/>
  <testcase classname="agentLogin.Connections" name="tc01_landingConnectionPage" time="2.837"/>
  <testcase classname="agentLogin.Connections" name="tc02_googleMyBusinessConnectionDrawerValidation" time="5.842"/>
  <testcase classname="agentLogin.Connections" name="tc03_facebookConnectionDrawerValidation" time="4.834"/>
  <testcase classname="agentLogin.Connections" name="tc04_twitterConnectionDrawerValidation" time="5.004"/>
  <testcase classname="agentLogin.Connections" name="tc05_linkedinConnectionDrawerValidation" time="7.743"/>
  <testcase classname="agentLogin.Connections" name="tc06_zillowConnectionDrawerValidation" time="6.05"/>
  <testcase classname="agentLogin.Connections" name="tc07_InstagramConnectionDrawerValidation" time="4.778"/>
  <testcase classname="agentLogin.Connections" name="tc08_lendiingTreeConnectionDrawerValidation" time="5.916"/>
  <testcase classname="agentLogin.Connections" name="tc09_realtorTreeConnectionDrawerValidation" time="5.001"/>
  <testcase classname="agentLogin.Listings" name="tc01_verifyListingsLandingPage" time="11.15"/>
  <testcase classname="agentLogin.Listings" name="tc02_clickFilter" time="3.772"/>
  <testcase classname="agentLogin.ProfilePage" name="tc01_verifyProfileLandingPage" time="16.337">
    <skipped/>
  </testcase> <!-- tc01_verifyProfileLandingPage -->
  <testcase classname="agentLogin.ProfilePage" name="tc01_verifyProfileLandingPage" time="16.242">
    <failure type="java.lang.AssertionError" message="Rating is equal to zero expected [true] but found [false]">
      <![CDATA[java.lang.AssertionError: Rating is equal to zero expected [true] but found [false]
at driversAndLibrary.WebDriverImpl.verifyLandingPageForUserProfilePage(WebDriverImpl.java:934)
at agentLogin.ProfilePage.tc01_verifyProfileLandingPage(ProfilePage.java:40)
... Removed 28 stack frames]]>
    </failure>
  </testcase> <!-- tc01_verifyProfileLandingPage -->
  <testcase classname="agentLogin.ProfilePage" name="tc02_verifyReviewsTab" time="1.586"/>
  <testcase classname="agentLogin.ProfilePage" name="tc03_verifyProfessionalSidePage" time="8.436">
    <skipped/>
  </testcase> <!-- tc03_verifyProfessionalSidePage -->
  <testcase classname="agentLogin.ProfilePage" name="tc03_verifyProfessionalSidePage" time="8.514">
    <failure type="java.lang.AssertionError" message="expected [true] but found [false]">
      <![CDATA[java.lang.AssertionError: expected [true] but found [false]
at driversAndLibrary.WebDriverImpl.verifyProfessionalsTab(WebDriverImpl.java:1006)
at agentLogin.ProfilePage.tc03_verifyProfessionalSidePage(ProfilePage.java:52)
... Removed 29 stack frames]]>
    </failure>
  </testcase> <!-- tc03_verifyProfessionalSidePage -->
  <testcase classname="agentLogin.ProfilePage" name="tc04_clickShareProfileIcon" time="0.871"/>
  <testcase classname="agentLogin.ProfilePage" name="tc05_clickEditProfileIcon" time="4.034"/>
  <testcase classname="agentLogin.ProfilePage" name="tc06_verifyFlagReview" time="1.018"/>
  <testcase classname="agentLogin.ProfilePage" name="tc07_verifyShareReview" time="0.964"/>
  <testcase classname="agentLogin.ProfilePage" name="tc08_verifyRatingTab" time="0.573">
    <skipped/>
  </testcase> <!-- tc08_verifyRatingTab -->
  <testcase classname="agentLogin.ProfilePage" name="tc08_verifyRatingTab" time="0.365">
    <failure type="java.lang.AssertionError" message="Review Count is less than zero expected [true] but found [false]">
      <![CDATA[java.lang.AssertionError: Review Count is less than zero expected [true] but found [false]
at driversAndLibrary.WebDriverImpl.verifyRatingTab(WebDriverImpl.java:1107)
at agentLogin.ProfilePage.tc08_verifyRatingTab(ProfilePage.java:80)
... Removed 28 stack frames]]>
    </failure>
  </testcase> <!-- tc08_verifyRatingTab -->
  <testcase classname="agentLogin.ProfilePage" name="tc09_verifyAboutSection" time="1.364"/>
  <testcase classname="agentLogin.ProfilePage" name="tc10_verifyUserContactSection" time="8.912"/>
</testsuite> <!-- Test -->
